c:\users\thunder\documents\github\reloaded\trunk\src\debug\qagame_mp_x86.bsc
c:\users\thunder\documents\github\reloaded\trunk\src\game\debug\vc141.pdb
c:\users\thunder\documents\github\reloaded\trunk\src\game\debug\botloadlibrary.sbr
c:\users\thunder\documents\github\reloaded\trunk\src\game\debug\botloadlibrary.obj
c:\users\thunder\documents\github\reloaded\trunk\src\game\debug\g_sha1.sbr
c:\users\thunder\documents\github\reloaded\trunk\src\game\debug\g_shoutcaster.sbr
c:\users\thunder\documents\github\reloaded\trunk\src\game\debug\geoip.sbr
c:\users\thunder\documents\github\reloaded\trunk\src\game\debug\sha1.sbr
c:\users\thunder\documents\github\reloaded\trunk\src\game\debug\g_lua.sbr
c:\users\thunder\documents\github\reloaded\trunk\src\game\debug\g_lua.obj
c:\users\thunder\documents\github\reloaded\trunk\src\game\debug\sha1.obj
c:\users\thunder\documents\github\reloaded\trunk\src\game\debug\geoip.obj
c:\users\thunder\documents\github\reloaded\trunk\src\game\debug\g_shoutcaster.obj
c:\users\thunder\documents\github\reloaded\trunk\src\game\debug\g_sha1.obj
c:\users\thunder\documents\github\reloaded\trunk\src\game\debug\bg_animation.sbr
c:\users\thunder\documents\github\reloaded\trunk\src\game\debug\bg_animgroup.sbr
c:\users\thunder\documents\github\reloaded\trunk\src\game\debug\bg_campaign.sbr
c:\users\thunder\documents\github\reloaded\trunk\src\game\debug\bg_character.sbr
c:\users\thunder\documents\github\reloaded\trunk\src\game\debug\bg_classes.sbr
c:\users\thunder\documents\github\reloaded\trunk\src\game\debug\bg_misc.sbr
c:\users\thunder\documents\github\reloaded\trunk\src\game\debug\bg_pmove.sbr
c:\users\thunder\documents\github\reloaded\trunk\src\game\debug\bg_slidemove.sbr
c:\users\thunder\documents\github\reloaded\trunk\src\game\debug\bg_sscript.sbr
c:\users\thunder\documents\github\reloaded\trunk\src\game\debug\bg_stats.sbr
c:\users\thunder\documents\github\reloaded\trunk\src\game\debug\bg_tracemap.sbr
c:\users\thunder\documents\github\reloaded\trunk\src\game\debug\et-antiwarp.sbr
c:\users\thunder\documents\github\reloaded\trunk\src\game\debug\etpro_mdx.sbr
c:\users\thunder\documents\github\reloaded\trunk\src\game\debug\g_active.sbr
c:\users\thunder\documents\github\reloaded\trunk\src\game\debug\g_alarm.sbr
c:\users\thunder\documents\github\reloaded\trunk\src\game\debug\g_antilag.sbr
c:\users\thunder\documents\github\reloaded\trunk\src\game\debug\g_buddy_list.sbr
c:\users\thunder\documents\github\reloaded\trunk\src\game\debug\g_censor.sbr
c:\users\thunder\documents\github\reloaded\trunk\src\game\debug\g_character.sbr
c:\users\thunder\documents\github\reloaded\trunk\src\game\debug\g_client.sbr
c:\users\thunder\documents\github\reloaded\trunk\src\game\debug\g_client.obj
c:\users\thunder\documents\github\reloaded\trunk\src\game\debug\g_character.obj
c:\users\thunder\documents\github\reloaded\trunk\src\game\debug\g_censor.obj
c:\users\thunder\documents\github\reloaded\trunk\src\game\debug\g_buddy_list.obj
c:\users\thunder\documents\github\reloaded\trunk\src\game\debug\g_antilag.obj
c:\users\thunder\documents\github\reloaded\trunk\src\game\debug\g_alarm.obj
c:\users\thunder\documents\github\reloaded\trunk\src\game\debug\g_active.obj
c:\users\thunder\documents\github\reloaded\trunk\src\game\debug\etpro_mdx.obj
c:\users\thunder\documents\github\reloaded\trunk\src\game\debug\et-antiwarp.obj
c:\users\thunder\documents\github\reloaded\trunk\src\game\debug\bg_tracemap.obj
c:\users\thunder\documents\github\reloaded\trunk\src\game\debug\bg_stats.obj
c:\users\thunder\documents\github\reloaded\trunk\src\game\debug\bg_sscript.obj
c:\users\thunder\documents\github\reloaded\trunk\src\game\debug\bg_slidemove.obj
c:\users\thunder\documents\github\reloaded\trunk\src\game\debug\bg_pmove.obj
c:\users\thunder\documents\github\reloaded\trunk\src\game\debug\bg_misc.obj
c:\users\thunder\documents\github\reloaded\trunk\src\game\debug\bg_classes.obj
c:\users\thunder\documents\github\reloaded\trunk\src\game\debug\bg_character.obj
c:\users\thunder\documents\github\reloaded\trunk\src\game\debug\bg_campaign.obj
c:\users\thunder\documents\github\reloaded\trunk\src\game\debug\bg_animgroup.obj
c:\users\thunder\documents\github\reloaded\trunk\src\game\debug\bg_animation.obj
c:\users\thunder\documents\github\reloaded\trunk\src\game\debug\g_cmds.sbr
c:\users\thunder\documents\github\reloaded\trunk\src\game\debug\g_cmds_ext.sbr
c:\users\thunder\documents\github\reloaded\trunk\src\game\debug\g_combat.sbr
c:\users\thunder\documents\github\reloaded\trunk\src\game\debug\g_config.sbr
c:\users\thunder\documents\github\reloaded\trunk\src\game\debug\g_crash.sbr
c:\users\thunder\documents\github\reloaded\trunk\src\game\debug\g_fireteams.sbr
c:\users\thunder\documents\github\reloaded\trunk\src\game\debug\g_http_client.sbr
c:\users\thunder\documents\github\reloaded\trunk\src\game\debug\g_items.sbr
c:\users\thunder\documents\github\reloaded\trunk\src\game\debug\g_main.sbr
c:\users\thunder\documents\github\reloaded\trunk\src\game\debug\g_match.sbr
c:\users\thunder\documents\github\reloaded\trunk\src\game\debug\g_matchinfo.sbr
c:\users\thunder\documents\github\reloaded\trunk\src\game\debug\g_mem.sbr
c:\users\thunder\documents\github\reloaded\trunk\src\game\debug\g_misc.sbr
c:\users\thunder\documents\github\reloaded\trunk\src\game\debug\g_missile.sbr
c:\users\thunder\documents\github\reloaded\trunk\src\game\debug\g_mover.sbr
c:\users\thunder\documents\github\reloaded\trunk\src\game\debug\g_multiview.sbr
c:\users\thunder\documents\github\reloaded\trunk\src\game\debug\g_player_rating.sbr
c:\users\thunder\documents\github\reloaded\trunk\src\game\debug\g_props.sbr
c:\users\thunder\documents\github\reloaded\trunk\src\game\debug\g_referee.sbr
c:\users\thunder\documents\github\reloaded\trunk\src\game\debug\g_script.sbr
c:\users\thunder\documents\github\reloaded\trunk\src\game\debug\g_script.obj
c:\users\thunder\documents\github\reloaded\trunk\src\game\debug\g_referee.obj
c:\users\thunder\documents\github\reloaded\trunk\src\game\debug\g_props.obj
c:\users\thunder\documents\github\reloaded\trunk\src\game\debug\g_player_rating.obj
c:\users\thunder\documents\github\reloaded\trunk\src\game\debug\g_multiview.obj
c:\users\thunder\documents\github\reloaded\trunk\src\game\debug\g_mover.obj
c:\users\thunder\documents\github\reloaded\trunk\src\game\debug\g_missile.obj
c:\users\thunder\documents\github\reloaded\trunk\src\game\debug\g_misc.obj
c:\users\thunder\documents\github\reloaded\trunk\src\game\debug\g_mem.obj
c:\users\thunder\documents\github\reloaded\trunk\src\game\debug\g_matchinfo.obj
c:\users\thunder\documents\github\reloaded\trunk\src\game\debug\g_match.obj
c:\users\thunder\documents\github\reloaded\trunk\src\game\debug\g_main.obj
c:\users\thunder\documents\github\reloaded\trunk\src\game\debug\g_items.obj
c:\users\thunder\documents\github\reloaded\trunk\src\game\debug\g_http_client.obj
c:\users\thunder\documents\github\reloaded\trunk\src\game\debug\g_fireteams.obj
c:\users\thunder\documents\github\reloaded\trunk\src\game\debug\g_crash.obj
c:\users\thunder\documents\github\reloaded\trunk\src\game\debug\g_config.obj
c:\users\thunder\documents\github\reloaded\trunk\src\game\debug\g_combat.obj
c:\users\thunder\documents\github\reloaded\trunk\src\game\debug\g_cmds_ext.obj
c:\users\thunder\documents\github\reloaded\trunk\src\game\debug\g_cmds.obj
c:\users\thunder\documents\github\reloaded\trunk\src\game\debug\g_script_actions.sbr
c:\users\thunder\documents\github\reloaded\trunk\src\game\debug\g_session.sbr
c:\users\thunder\documents\github\reloaded\trunk\src\game\debug\g_settings.sbr
c:\users\thunder\documents\github\reloaded\trunk\src\game\debug\g_shrubbot.sbr
c:\users\thunder\documents\github\reloaded\trunk\src\game\debug\g_spawn.sbr
c:\users\thunder\documents\github\reloaded\trunk\src\game\debug\g_stats.sbr
c:\users\thunder\documents\github\reloaded\trunk\src\game\debug\g_svcmds.sbr
c:\users\thunder\documents\github\reloaded\trunk\src\game\debug\g_syscalls.sbr
c:\users\thunder\documents\github\reloaded\trunk\src\game\debug\g_systemmsg.sbr
c:\users\thunder\documents\github\reloaded\trunk\src\game\debug\g_target.sbr
c:\users\thunder\documents\github\reloaded\trunk\src\game\debug\g_team.sbr
c:\users\thunder\documents\github\reloaded\trunk\src\game\debug\g_teammapdata.sbr
c:\users\thunder\documents\github\reloaded\trunk\src\game\debug\g_trigger.sbr
c:\users\thunder\documents\github\reloaded\trunk\src\game\debug\g_utils.sbr
c:\users\thunder\documents\github\reloaded\trunk\src\game\debug\g_vote.sbr
c:\users\thunder\documents\github\reloaded\trunk\src\game\debug\g_weapon.sbr
c:\users\thunder\documents\github\reloaded\trunk\src\game\debug\g_xpsave.sbr
c:\users\thunder\documents\github\reloaded\trunk\src\game\debug\q_math.sbr
c:\users\thunder\documents\github\reloaded\trunk\src\game\debug\q_shared.sbr
c:\users\thunder\documents\github\reloaded\trunk\src\game\debug\q_shared.obj
c:\users\thunder\documents\github\reloaded\trunk\src\game\debug\q_math.obj
c:\users\thunder\documents\github\reloaded\trunk\src\game\debug\g_xpsave.obj
c:\users\thunder\documents\github\reloaded\trunk\src\game\debug\g_weapon.obj
c:\users\thunder\documents\github\reloaded\trunk\src\game\debug\g_vote.obj
c:\users\thunder\documents\github\reloaded\trunk\src\game\debug\g_utils.obj
c:\users\thunder\documents\github\reloaded\trunk\src\game\debug\g_trigger.obj
c:\users\thunder\documents\github\reloaded\trunk\src\game\debug\g_teammapdata.obj
c:\users\thunder\documents\github\reloaded\trunk\src\game\debug\g_team.obj
c:\users\thunder\documents\github\reloaded\trunk\src\game\debug\g_target.obj
c:\users\thunder\documents\github\reloaded\trunk\src\game\debug\g_systemmsg.obj
c:\users\thunder\documents\github\reloaded\trunk\src\game\debug\g_syscalls.obj
c:\users\thunder\documents\github\reloaded\trunk\src\game\debug\g_svcmds.obj
c:\users\thunder\documents\github\reloaded\trunk\src\game\debug\g_stats.obj
c:\users\thunder\documents\github\reloaded\trunk\src\game\debug\g_spawn.obj
c:\users\thunder\documents\github\reloaded\trunk\src\game\debug\g_shrubbot.obj
c:\users\thunder\documents\github\reloaded\trunk\src\game\debug\g_settings.obj
c:\users\thunder\documents\github\reloaded\trunk\src\game\debug\g_session.obj
c:\users\thunder\documents\github\reloaded\trunk\src\game\debug\g_script_actions.obj
c:\users\thunder\documents\github\reloaded\trunk\src\game\debug\g_etbot_interface.sbr
c:\users\thunder\documents\github\reloaded\trunk\src\game\debug\g_etbot_interface.obj
c:\users\thunder\documents\github\reloaded\trunk\src\game\debug\qagame_mp_x86.lib
c:\users\thunder\documents\github\reloaded\trunk\src\game\debug\qagame_mp_x86.exp
c:\users\thunder\documents\github\reloaded\trunk\src\debug\qagame_mp_x86.dll
c:\users\thunder\documents\github\reloaded\trunk\src\game\debug\qagame_mp_x86.map
c:\users\thunder\documents\github\reloaded\trunk\src\debug\qagame_mp_x86.pdb
c:\users\thunder\documents\github\reloaded\trunk\src\game\..\debug/qagame_mp_x86.dll
c:\users\thunder\documents\github\reloaded\trunk\src\game\debug\game.tlog\bscmake.command.1.tlog
c:\users\thunder\documents\github\reloaded\trunk\src\game\debug\game.tlog\bscmake.read.1.tlog
c:\users\thunder\documents\github\reloaded\trunk\src\game\debug\game.tlog\bscmake.write.1.tlog
c:\users\thunder\documents\github\reloaded\trunk\src\game\debug\game.tlog\cl.command.1.tlog
c:\users\thunder\documents\github\reloaded\trunk\src\game\debug\game.tlog\cl.read.1.tlog
c:\users\thunder\documents\github\reloaded\trunk\src\game\debug\game.tlog\cl.write.1.tlog
c:\users\thunder\documents\github\reloaded\trunk\src\game\debug\game.tlog\game.write.1u.tlog
c:\users\thunder\documents\github\reloaded\trunk\src\game\debug\game.tlog\link.command.1.tlog
c:\users\thunder\documents\github\reloaded\trunk\src\game\debug\game.tlog\link.read.1.tlog
c:\users\thunder\documents\github\reloaded\trunk\src\game\debug\game.tlog\link.write.1.tlog
