c:\users\thunder\documents\github\reloaded\trunk\src\debug\cgame_mp_x86.bsc
c:\users\thunder\documents\github\reloaded\trunk\src\cgame\debug\cgame_mp_x86.lib
c:\users\thunder\documents\github\reloaded\trunk\src\cgame\debug\cgame_mp_x86.exp
c:\users\thunder\documents\github\reloaded\trunk\src\cgame\debug\vc141.pdb
c:\users\thunder\documents\github\reloaded\trunk\src\cgame\debug\md5.sbr
c:\users\thunder\documents\github\reloaded\trunk\src\cgame\debug\cg_crash.sbr
c:\users\thunder\documents\github\reloaded\trunk\src\cgame\debug\cg_osfile.sbr
c:\users\thunder\documents\github\reloaded\trunk\src\cgame\debug\cg_shoutcaster.sbr
c:\users\thunder\documents\github\reloaded\trunk\src\cgame\debug\cg_uid.sbr
c:\users\thunder\documents\github\reloaded\trunk\src\cgame\debug\cg_uid.obj
c:\users\thunder\documents\github\reloaded\trunk\src\cgame\debug\cg_shoutcaster.obj
c:\users\thunder\documents\github\reloaded\trunk\src\cgame\debug\cg_osfile.obj
c:\users\thunder\documents\github\reloaded\trunk\src\cgame\debug\cg_crash.obj
c:\users\thunder\documents\github\reloaded\trunk\src\cgame\debug\md5.obj
c:\users\thunder\documents\github\reloaded\trunk\src\cgame\debug\bg_animation.sbr
c:\users\thunder\documents\github\reloaded\trunk\src\cgame\debug\bg_animgroup.sbr
c:\users\thunder\documents\github\reloaded\trunk\src\cgame\debug\bg_campaign.sbr
c:\users\thunder\documents\github\reloaded\trunk\src\cgame\debug\bg_character.sbr
c:\users\thunder\documents\github\reloaded\trunk\src\cgame\debug\bg_classes.sbr
c:\users\thunder\documents\github\reloaded\trunk\src\cgame\debug\bg_misc.sbr
c:\users\thunder\documents\github\reloaded\trunk\src\cgame\debug\bg_pmove.sbr
c:\users\thunder\documents\github\reloaded\trunk\src\cgame\debug\bg_slidemove.sbr
c:\users\thunder\documents\github\reloaded\trunk\src\cgame\debug\bg_sscript.sbr
c:\users\thunder\documents\github\reloaded\trunk\src\cgame\debug\bg_stats.sbr
c:\users\thunder\documents\github\reloaded\trunk\src\cgame\debug\bg_tracemap.sbr
c:\users\thunder\documents\github\reloaded\trunk\src\cgame\debug\cg_atmospheric.sbr
c:\users\thunder\documents\github\reloaded\trunk\src\cgame\debug\cg_character.sbr
c:\users\thunder\documents\github\reloaded\trunk\src\cgame\debug\cg_commandmap.sbr
c:\users\thunder\documents\github\reloaded\trunk\src\cgame\debug\cg_consolecmds.sbr
c:\users\thunder\documents\github\reloaded\trunk\src\cgame\debug\cg_debriefing.sbr
c:\users\thunder\documents\github\reloaded\trunk\src\cgame\debug\cg_draw.sbr
c:\users\thunder\documents\github\reloaded\trunk\src\cgame\debug\cg_drawtools.sbr
c:\users\thunder\documents\github\reloaded\trunk\src\cgame\debug\cg_effects.sbr
c:\users\thunder\documents\github\reloaded\trunk\src\cgame\debug\cg_ents.sbr
c:\users\thunder\documents\github\reloaded\trunk\src\cgame\debug\cg_ents.obj
c:\users\thunder\documents\github\reloaded\trunk\src\cgame\debug\cg_effects.obj
c:\users\thunder\documents\github\reloaded\trunk\src\cgame\debug\cg_drawtools.obj
c:\users\thunder\documents\github\reloaded\trunk\src\cgame\debug\cg_draw.obj
c:\users\thunder\documents\github\reloaded\trunk\src\cgame\debug\cg_debriefing.obj
c:\users\thunder\documents\github\reloaded\trunk\src\cgame\debug\cg_consolecmds.obj
c:\users\thunder\documents\github\reloaded\trunk\src\cgame\debug\cg_commandmap.obj
c:\users\thunder\documents\github\reloaded\trunk\src\cgame\debug\cg_character.obj
c:\users\thunder\documents\github\reloaded\trunk\src\cgame\debug\cg_atmospheric.obj
c:\users\thunder\documents\github\reloaded\trunk\src\cgame\debug\bg_tracemap.obj
c:\users\thunder\documents\github\reloaded\trunk\src\cgame\debug\bg_stats.obj
c:\users\thunder\documents\github\reloaded\trunk\src\cgame\debug\bg_sscript.obj
c:\users\thunder\documents\github\reloaded\trunk\src\cgame\debug\bg_slidemove.obj
c:\users\thunder\documents\github\reloaded\trunk\src\cgame\debug\bg_pmove.obj
c:\users\thunder\documents\github\reloaded\trunk\src\cgame\debug\bg_misc.obj
c:\users\thunder\documents\github\reloaded\trunk\src\cgame\debug\bg_classes.obj
c:\users\thunder\documents\github\reloaded\trunk\src\cgame\debug\bg_character.obj
c:\users\thunder\documents\github\reloaded\trunk\src\cgame\debug\bg_campaign.obj
c:\users\thunder\documents\github\reloaded\trunk\src\cgame\debug\bg_animgroup.obj
c:\users\thunder\documents\github\reloaded\trunk\src\cgame\debug\bg_animation.obj
c:\users\thunder\documents\github\reloaded\trunk\src\cgame\debug\cg_event.sbr
c:\users\thunder\documents\github\reloaded\trunk\src\cgame\debug\cg_fireteamoverlay.sbr
c:\users\thunder\documents\github\reloaded\trunk\src\cgame\debug\cg_fireteams.sbr
c:\users\thunder\documents\github\reloaded\trunk\src\cgame\debug\cg_flamethrower.sbr
c:\users\thunder\documents\github\reloaded\trunk\src\cgame\debug\cg_hud.sbr
c:\users\thunder\documents\github\reloaded\trunk\src\cgame\debug\cg_info.sbr
c:\users\thunder\documents\github\reloaded\trunk\src\cgame\debug\cg_limbopanel.sbr
c:\users\thunder\documents\github\reloaded\trunk\src\cgame\debug\cg_loadpanel.sbr
c:\users\thunder\documents\github\reloaded\trunk\src\cgame\debug\cg_localents.sbr
c:\users\thunder\documents\github\reloaded\trunk\src\cgame\debug\cg_main.sbr
c:\users\thunder\documents\github\reloaded\trunk\src\cgame\debug\cg_marks.sbr
c:\users\thunder\documents\github\reloaded\trunk\src\cgame\debug\cg_missionbriefing.sbr
c:\users\thunder\documents\github\reloaded\trunk\src\cgame\debug\cg_multiview.sbr
c:\users\thunder\documents\github\reloaded\trunk\src\cgame\debug\cg_newdraw.sbr
c:\users\thunder\documents\github\reloaded\trunk\src\cgame\debug\cg_particles.sbr
c:\users\thunder\documents\github\reloaded\trunk\src\cgame\debug\cg_players.sbr
c:\users\thunder\documents\github\reloaded\trunk\src\cgame\debug\cg_playerstate.sbr
c:\users\thunder\documents\github\reloaded\trunk\src\cgame\debug\cg_polybus.sbr
c:\users\thunder\documents\github\reloaded\trunk\src\cgame\debug\cg_popupmessages.sbr
c:\users\thunder\documents\github\reloaded\trunk\src\cgame\debug\cg_predict.sbr
c:\users\thunder\documents\github\reloaded\trunk\src\cgame\debug\cg_predict.obj
c:\users\thunder\documents\github\reloaded\trunk\src\cgame\debug\cg_popupmessages.obj
c:\users\thunder\documents\github\reloaded\trunk\src\cgame\debug\cg_polybus.obj
c:\users\thunder\documents\github\reloaded\trunk\src\cgame\debug\cg_playerstate.obj
c:\users\thunder\documents\github\reloaded\trunk\src\cgame\debug\cg_players.obj
c:\users\thunder\documents\github\reloaded\trunk\src\cgame\debug\cg_particles.obj
c:\users\thunder\documents\github\reloaded\trunk\src\cgame\debug\cg_newdraw.obj
c:\users\thunder\documents\github\reloaded\trunk\src\cgame\debug\cg_multiview.obj
c:\users\thunder\documents\github\reloaded\trunk\src\cgame\debug\cg_missionbriefing.obj
c:\users\thunder\documents\github\reloaded\trunk\src\cgame\debug\cg_marks.obj
c:\users\thunder\documents\github\reloaded\trunk\src\cgame\debug\cg_main.obj
c:\users\thunder\documents\github\reloaded\trunk\src\cgame\debug\cg_localents.obj
c:\users\thunder\documents\github\reloaded\trunk\src\cgame\debug\cg_loadpanel.obj
c:\users\thunder\documents\github\reloaded\trunk\src\cgame\debug\cg_limbopanel.obj
c:\users\thunder\documents\github\reloaded\trunk\src\cgame\debug\cg_info.obj
c:\users\thunder\documents\github\reloaded\trunk\src\cgame\debug\cg_hud.obj
c:\users\thunder\documents\github\reloaded\trunk\src\cgame\debug\cg_flamethrower.obj
c:\users\thunder\documents\github\reloaded\trunk\src\cgame\debug\cg_fireteams.obj
c:\users\thunder\documents\github\reloaded\trunk\src\cgame\debug\cg_fireteamoverlay.obj
c:\users\thunder\documents\github\reloaded\trunk\src\cgame\debug\cg_event.obj
c:\users\thunder\documents\github\reloaded\trunk\src\cgame\debug\cg_scoreboard.sbr
c:\users\thunder\documents\github\reloaded\trunk\src\cgame\debug\cg_servercmds.sbr
c:\users\thunder\documents\github\reloaded\trunk\src\cgame\debug\cg_snapshot.sbr
c:\users\thunder\documents\github\reloaded\trunk\src\cgame\debug\cg_sound.sbr
c:\users\thunder\documents\github\reloaded\trunk\src\cgame\debug\cg_spawn.sbr
c:\users\thunder\documents\github\reloaded\trunk\src\cgame\debug\cg_statsranksmedals.sbr
c:\users\thunder\documents\github\reloaded\trunk\src\cgame\debug\cg_syscalls.sbr
c:\users\thunder\documents\github\reloaded\trunk\src\cgame\debug\cg_trails.sbr
c:\users\thunder\documents\github\reloaded\trunk\src\cgame\debug\cg_view.sbr
c:\users\thunder\documents\github\reloaded\trunk\src\cgame\debug\cg_weapons.sbr
c:\users\thunder\documents\github\reloaded\trunk\src\cgame\debug\cg_window.sbr
c:\users\thunder\documents\github\reloaded\trunk\src\cgame\debug\q_math.sbr
c:\users\thunder\documents\github\reloaded\trunk\src\cgame\debug\q_shared.sbr
c:\users\thunder\documents\github\reloaded\trunk\src\cgame\debug\ui_shared.sbr
c:\users\thunder\documents\github\reloaded\trunk\src\cgame\debug\ui_shared.obj
c:\users\thunder\documents\github\reloaded\trunk\src\cgame\debug\q_shared.obj
c:\users\thunder\documents\github\reloaded\trunk\src\cgame\debug\q_math.obj
c:\users\thunder\documents\github\reloaded\trunk\src\cgame\debug\cg_window.obj
c:\users\thunder\documents\github\reloaded\trunk\src\cgame\debug\cg_weapons.obj
c:\users\thunder\documents\github\reloaded\trunk\src\cgame\debug\cg_view.obj
c:\users\thunder\documents\github\reloaded\trunk\src\cgame\debug\cg_trails.obj
c:\users\thunder\documents\github\reloaded\trunk\src\cgame\debug\cg_syscalls.obj
c:\users\thunder\documents\github\reloaded\trunk\src\cgame\debug\cg_statsranksmedals.obj
c:\users\thunder\documents\github\reloaded\trunk\src\cgame\debug\cg_spawn.obj
c:\users\thunder\documents\github\reloaded\trunk\src\cgame\debug\cg_sound.obj
c:\users\thunder\documents\github\reloaded\trunk\src\cgame\debug\cg_snapshot.obj
c:\users\thunder\documents\github\reloaded\trunk\src\cgame\debug\cg_servercmds.obj
c:\users\thunder\documents\github\reloaded\trunk\src\cgame\debug\cg_scoreboard.obj
c:\users\thunder\documents\github\reloaded\trunk\src\debug\cgame_mp_x86.dll
c:\users\thunder\documents\github\reloaded\trunk\src\cgame\debug\cgame_mp_x86.map
c:\users\thunder\documents\github\reloaded\trunk\src\cgame\debug\cgame_mp_x86.pdb
c:\users\thunder\documents\github\reloaded\trunk\src\cgame\debug\..\debug/cgame_mp_x86.pdb
c:\users\thunder\documents\github\reloaded\trunk\src\cgame\..\debug/cgame_mp_x86.dll
c:\users\thunder\documents\github\reloaded\trunk\src\cgame\debug\cgame.tlog\bscmake.command.1.tlog
c:\users\thunder\documents\github\reloaded\trunk\src\cgame\debug\cgame.tlog\bscmake.read.1.tlog
c:\users\thunder\documents\github\reloaded\trunk\src\cgame\debug\cgame.tlog\bscmake.write.1.tlog
c:\users\thunder\documents\github\reloaded\trunk\src\cgame\debug\cgame.tlog\cgame.write.1u.tlog
c:\users\thunder\documents\github\reloaded\trunk\src\cgame\debug\cgame.tlog\cl.command.1.tlog
c:\users\thunder\documents\github\reloaded\trunk\src\cgame\debug\cgame.tlog\cl.read.1.tlog
c:\users\thunder\documents\github\reloaded\trunk\src\cgame\debug\cgame.tlog\cl.write.1.tlog
c:\users\thunder\documents\github\reloaded\trunk\src\cgame\debug\cgame.tlog\link.command.1.tlog
c:\users\thunder\documents\github\reloaded\trunk\src\cgame\debug\cgame.tlog\link.read.1.tlog
c:\users\thunder\documents\github\reloaded\trunk\src\cgame\debug\cgame.tlog\link.write.1.tlog
