c:\users\thunder\documents\github\reloaded\trunk\src\debug\ui_mp_x86.bsc
c:\users\thunder\documents\github\reloaded\trunk\src\ui\debug\vc141.pdb
c:\users\thunder\documents\github\reloaded\trunk\src\ui\debug\bg_campaign.sbr
c:\users\thunder\documents\github\reloaded\trunk\src\ui\debug\bg_classes.sbr
c:\users\thunder\documents\github\reloaded\trunk\src\ui\debug\bg_misc.sbr
c:\users\thunder\documents\github\reloaded\trunk\src\ui\debug\q_math.sbr
c:\users\thunder\documents\github\reloaded\trunk\src\ui\debug\q_shared.sbr
c:\users\thunder\documents\github\reloaded\trunk\src\ui\debug\ui_atoms.sbr
c:\users\thunder\documents\github\reloaded\trunk\src\ui\debug\ui_gameinfo.sbr
c:\users\thunder\documents\github\reloaded\trunk\src\ui\debug\ui_loadpanel.sbr
c:\users\thunder\documents\github\reloaded\trunk\src\ui\debug\ui_main.sbr
c:\users\thunder\documents\github\reloaded\trunk\src\ui\debug\ui_players.sbr
c:\users\thunder\documents\github\reloaded\trunk\src\ui\debug\ui_shared.sbr
c:\users\thunder\documents\github\reloaded\trunk\src\ui\debug\ui_syscalls.sbr
c:\users\thunder\documents\github\reloaded\trunk\src\ui\debug\ui_util.sbr
c:\users\thunder\documents\github\reloaded\trunk\src\ui\debug\ui_util.obj
c:\users\thunder\documents\github\reloaded\trunk\src\ui\debug\
c:\users\thunder\documents\github\reloaded\trunk\src\ui\debug\ui_syscalls.obj
c:\users\thunder\documents\github\reloaded\trunk\src\ui\debug\ui_shared.obj
c:\users\thunder\documents\github\reloaded\trunk\src\ui\debug\ui_players.obj
c:\users\thunder\documents\github\reloaded\trunk\src\ui\debug\ui_main.obj
c:\users\thunder\documents\github\reloaded\trunk\src\ui\debug\ui_loadpanel.obj
c:\users\thunder\documents\github\reloaded\trunk\src\ui\debug\ui_gameinfo.obj
c:\users\thunder\documents\github\reloaded\trunk\src\ui\debug\ui_atoms.obj
c:\users\thunder\documents\github\reloaded\trunk\src\ui\debug\q_shared.obj
c:\users\thunder\documents\github\reloaded\trunk\src\ui\debug\q_math.obj
c:\users\thunder\documents\github\reloaded\trunk\src\ui\debug\bg_misc.obj
c:\users\thunder\documents\github\reloaded\trunk\src\ui\debug\bg_classes.obj
c:\users\thunder\documents\github\reloaded\trunk\src\ui\debug\bg_campaign.obj
c:\users\thunder\documents\github\reloaded\trunk\src\debug\ui_mp_x86.dll
c:\users\thunder\documents\github\reloaded\trunk\src\ui\debug\ui_mp_x86.map
c:\users\thunder\documents\github\reloaded\trunk\src\debug\ui.pdb
c:\users\thunder\documents\github\reloaded\trunk\src\ui\debug\ui_mp_x86.lib
c:\users\thunder\documents\github\reloaded\trunk\src\ui\debug\ui_mp_x86.exp
c:\users\thunder\documents\github\reloaded\trunk\src\ui\..\debug/ui_mp_x86.dll
c:\users\thunder\documents\github\reloaded\trunk\src\ui\debug\ui.tlog\bscmake.command.1.tlog
c:\users\thunder\documents\github\reloaded\trunk\src\ui\debug\ui.tlog\bscmake.read.1.tlog
c:\users\thunder\documents\github\reloaded\trunk\src\ui\debug\ui.tlog\bscmake.write.1.tlog
c:\users\thunder\documents\github\reloaded\trunk\src\ui\debug\ui.tlog\cl.command.1.tlog
c:\users\thunder\documents\github\reloaded\trunk\src\ui\debug\ui.tlog\cl.read.1.tlog
c:\users\thunder\documents\github\reloaded\trunk\src\ui\debug\ui.tlog\cl.write.1.tlog
c:\users\thunder\documents\github\reloaded\trunk\src\ui\debug\ui.tlog\link.command.1.tlog
c:\users\thunder\documents\github\reloaded\trunk\src\ui\debug\ui.tlog\link.read.1.tlog
c:\users\thunder\documents\github\reloaded\trunk\src\ui\debug\ui.tlog\link.write.1.tlog
c:\users\thunder\documents\github\reloaded\trunk\src\ui\debug\ui.tlog\ui.write.1u.tlog
