  asyn-ares.c
  asyn-thread.c
  axtls.c
  base64.c
  connect.c
  content_encoding.c
  cookie.c
  curl_addrinfo.c
  curl_fnmatch.c
  curl_gethostname.c
  curl_gssapi.c
  curl_memrchr.c
  curl_ntlm.c
  curl_ntlm_core.c
  curl_ntlm_msgs.c
  curl_ntlm_wb.c
  curl_rand.c
  curl_rtmp.c
  curl_sspi.c
  curl_threads.c
  Generating Code...
  Compiling...
  cyassl.c
  dict.c
  easy.c
  escape.c
  file.c
  fileinfo.c
  formdata.c
  ftp.c
  ftplistparser.c
  getenv.c
  getinfo.c
  gopher.c
  gtls.c
  hash.c
  hmac.c
  hostasyn.c
  hostip4.c
  hostip6.c
  hostip.c
  hostsyn.c
  Generating Code...
  Compiling...
  http.c
  http_chunks.c
  http_digest.c
  http_negotiate.c
  http_negotiate_sspi.c
  http_proxy.c
  idn_win32.c
  if2ip.c
  imap.c
  inet_ntop.c
  inet_pton.c
  krb4.c
  krb5.c
  ldap.c
  llist.c
  md4.c
  md5.c
  memdebug.c
  mprintf.c
  multi.c
  Generating Code...
  Compiling...
  netrc.c
  non-ascii.c
  nonblock.c
  nss.c
  openldap.c
  parsedate.c
  pingpong.c
  polarssl.c
  pop3.c
  progress.c
  qssl.c
  rawstr.c
  rtsp.c
  security.c
  select.c
  sendf.c
  share.c
  slist.c
  smtp.c
  socks.c
  Generating Code...
  Compiling...
  socks_gssapi.c
  socks_sspi.c
  speedcheck.c
  splay.c
  ssh.c
  sslgen.c
  ssluse.c
  strdup.c
  strequal.c
  strerror.c
  strtok.c
  strtoofft.c
  telnet.c
  tftp.c
  timeval.c
  transfer.c
  url.c
  version.c
  warnless.c
  wildcard.c
  Generating Code...
  curl.vcxproj -> C:\Users\Thunder\Documents\GitHub\Reloaded\trunk\src\curl-7.28.1\lib\.\Release\libcurl.lib
