c:\users\thunder\documents\github\reloaded\trunk\src\curl-7.28.1\lib\release\libcurl.bsc
c:\users\thunder\documents\github\reloaded\trunk\src\curl-7.28.1\lib\release\libcurl.pdb
c:\users\thunder\documents\github\reloaded\trunk\src\curl-7.28.1\lib\release\asyn-ares.sbr
c:\users\thunder\documents\github\reloaded\trunk\src\curl-7.28.1\lib\release\asyn-thread.sbr
c:\users\thunder\documents\github\reloaded\trunk\src\curl-7.28.1\lib\release\axtls.sbr
c:\users\thunder\documents\github\reloaded\trunk\src\curl-7.28.1\lib\release\base64.sbr
c:\users\thunder\documents\github\reloaded\trunk\src\curl-7.28.1\lib\release\connect.sbr
c:\users\thunder\documents\github\reloaded\trunk\src\curl-7.28.1\lib\release\content_encoding.sbr
c:\users\thunder\documents\github\reloaded\trunk\src\curl-7.28.1\lib\release\cookie.sbr
c:\users\thunder\documents\github\reloaded\trunk\src\curl-7.28.1\lib\release\curl_addrinfo.sbr
c:\users\thunder\documents\github\reloaded\trunk\src\curl-7.28.1\lib\release\curl_fnmatch.sbr
c:\users\thunder\documents\github\reloaded\trunk\src\curl-7.28.1\lib\release\curl_gethostname.sbr
c:\users\thunder\documents\github\reloaded\trunk\src\curl-7.28.1\lib\release\curl_gssapi.sbr
c:\users\thunder\documents\github\reloaded\trunk\src\curl-7.28.1\lib\release\curl_memrchr.sbr
c:\users\thunder\documents\github\reloaded\trunk\src\curl-7.28.1\lib\release\curl_ntlm.sbr
c:\users\thunder\documents\github\reloaded\trunk\src\curl-7.28.1\lib\release\curl_ntlm_core.sbr
c:\users\thunder\documents\github\reloaded\trunk\src\curl-7.28.1\lib\release\curl_ntlm_msgs.sbr
c:\users\thunder\documents\github\reloaded\trunk\src\curl-7.28.1\lib\release\curl_ntlm_wb.sbr
c:\users\thunder\documents\github\reloaded\trunk\src\curl-7.28.1\lib\release\curl_rand.sbr
c:\users\thunder\documents\github\reloaded\trunk\src\curl-7.28.1\lib\release\curl_rtmp.sbr
c:\users\thunder\documents\github\reloaded\trunk\src\curl-7.28.1\lib\release\curl_sspi.sbr
c:\users\thunder\documents\github\reloaded\trunk\src\curl-7.28.1\lib\release\curl_threads.sbr
c:\users\thunder\documents\github\reloaded\trunk\src\curl-7.28.1\lib\release\curl_threads.obj
c:\users\thunder\documents\github\reloaded\trunk\src\curl-7.28.1\lib\release\curl_sspi.obj
c:\users\thunder\documents\github\reloaded\trunk\src\curl-7.28.1\lib\release\curl_rtmp.obj
c:\users\thunder\documents\github\reloaded\trunk\src\curl-7.28.1\lib\release\curl_rand.obj
c:\users\thunder\documents\github\reloaded\trunk\src\curl-7.28.1\lib\release\curl_ntlm_wb.obj
c:\users\thunder\documents\github\reloaded\trunk\src\curl-7.28.1\lib\release\curl_ntlm_msgs.obj
c:\users\thunder\documents\github\reloaded\trunk\src\curl-7.28.1\lib\release\curl_ntlm_core.obj
c:\users\thunder\documents\github\reloaded\trunk\src\curl-7.28.1\lib\release\curl_ntlm.obj
c:\users\thunder\documents\github\reloaded\trunk\src\curl-7.28.1\lib\release\curl_memrchr.obj
c:\users\thunder\documents\github\reloaded\trunk\src\curl-7.28.1\lib\release\curl_gssapi.obj
c:\users\thunder\documents\github\reloaded\trunk\src\curl-7.28.1\lib\release\curl_gethostname.obj
c:\users\thunder\documents\github\reloaded\trunk\src\curl-7.28.1\lib\release\curl_fnmatch.obj
c:\users\thunder\documents\github\reloaded\trunk\src\curl-7.28.1\lib\release\curl_addrinfo.obj
c:\users\thunder\documents\github\reloaded\trunk\src\curl-7.28.1\lib\release\cookie.obj
c:\users\thunder\documents\github\reloaded\trunk\src\curl-7.28.1\lib\release\content_encoding.obj
c:\users\thunder\documents\github\reloaded\trunk\src\curl-7.28.1\lib\release\connect.obj
c:\users\thunder\documents\github\reloaded\trunk\src\curl-7.28.1\lib\release\base64.obj
c:\users\thunder\documents\github\reloaded\trunk\src\curl-7.28.1\lib\release\axtls.obj
c:\users\thunder\documents\github\reloaded\trunk\src\curl-7.28.1\lib\release\asyn-thread.obj
c:\users\thunder\documents\github\reloaded\trunk\src\curl-7.28.1\lib\release\asyn-ares.obj
c:\users\thunder\documents\github\reloaded\trunk\src\curl-7.28.1\lib\release\cyassl.sbr
c:\users\thunder\documents\github\reloaded\trunk\src\curl-7.28.1\lib\release\dict.sbr
c:\users\thunder\documents\github\reloaded\trunk\src\curl-7.28.1\lib\release\easy.sbr
c:\users\thunder\documents\github\reloaded\trunk\src\curl-7.28.1\lib\release\escape.sbr
c:\users\thunder\documents\github\reloaded\trunk\src\curl-7.28.1\lib\release\file.sbr
c:\users\thunder\documents\github\reloaded\trunk\src\curl-7.28.1\lib\release\fileinfo.sbr
c:\users\thunder\documents\github\reloaded\trunk\src\curl-7.28.1\lib\release\formdata.sbr
c:\users\thunder\documents\github\reloaded\trunk\src\curl-7.28.1\lib\release\ftp.sbr
c:\users\thunder\documents\github\reloaded\trunk\src\curl-7.28.1\lib\release\ftplistparser.sbr
c:\users\thunder\documents\github\reloaded\trunk\src\curl-7.28.1\lib\release\getenv.sbr
c:\users\thunder\documents\github\reloaded\trunk\src\curl-7.28.1\lib\release\getinfo.sbr
c:\users\thunder\documents\github\reloaded\trunk\src\curl-7.28.1\lib\release\gopher.sbr
c:\users\thunder\documents\github\reloaded\trunk\src\curl-7.28.1\lib\release\gtls.sbr
c:\users\thunder\documents\github\reloaded\trunk\src\curl-7.28.1\lib\release\hash.sbr
c:\users\thunder\documents\github\reloaded\trunk\src\curl-7.28.1\lib\release\hmac.sbr
c:\users\thunder\documents\github\reloaded\trunk\src\curl-7.28.1\lib\release\hostasyn.sbr
c:\users\thunder\documents\github\reloaded\trunk\src\curl-7.28.1\lib\release\hostip4.sbr
c:\users\thunder\documents\github\reloaded\trunk\src\curl-7.28.1\lib\release\hostip6.sbr
c:\users\thunder\documents\github\reloaded\trunk\src\curl-7.28.1\lib\release\hostip.sbr
c:\users\thunder\documents\github\reloaded\trunk\src\curl-7.28.1\lib\release\hostsyn.sbr
c:\users\thunder\documents\github\reloaded\trunk\src\curl-7.28.1\lib\release\hostsyn.obj
c:\users\thunder\documents\github\reloaded\trunk\src\curl-7.28.1\lib\release\hostip.obj
c:\users\thunder\documents\github\reloaded\trunk\src\curl-7.28.1\lib\release\hostip6.obj
c:\users\thunder\documents\github\reloaded\trunk\src\curl-7.28.1\lib\release\hostip4.obj
c:\users\thunder\documents\github\reloaded\trunk\src\curl-7.28.1\lib\release\hostasyn.obj
c:\users\thunder\documents\github\reloaded\trunk\src\curl-7.28.1\lib\release\hmac.obj
c:\users\thunder\documents\github\reloaded\trunk\src\curl-7.28.1\lib\release\hash.obj
c:\users\thunder\documents\github\reloaded\trunk\src\curl-7.28.1\lib\release\gtls.obj
c:\users\thunder\documents\github\reloaded\trunk\src\curl-7.28.1\lib\release\gopher.obj
c:\users\thunder\documents\github\reloaded\trunk\src\curl-7.28.1\lib\release\getinfo.obj
c:\users\thunder\documents\github\reloaded\trunk\src\curl-7.28.1\lib\release\getenv.obj
c:\users\thunder\documents\github\reloaded\trunk\src\curl-7.28.1\lib\release\ftplistparser.obj
c:\users\thunder\documents\github\reloaded\trunk\src\curl-7.28.1\lib\release\ftp.obj
c:\users\thunder\documents\github\reloaded\trunk\src\curl-7.28.1\lib\release\formdata.obj
c:\users\thunder\documents\github\reloaded\trunk\src\curl-7.28.1\lib\release\fileinfo.obj
c:\users\thunder\documents\github\reloaded\trunk\src\curl-7.28.1\lib\release\file.obj
c:\users\thunder\documents\github\reloaded\trunk\src\curl-7.28.1\lib\release\escape.obj
c:\users\thunder\documents\github\reloaded\trunk\src\curl-7.28.1\lib\release\easy.obj
c:\users\thunder\documents\github\reloaded\trunk\src\curl-7.28.1\lib\release\dict.obj
c:\users\thunder\documents\github\reloaded\trunk\src\curl-7.28.1\lib\release\cyassl.obj
c:\users\thunder\documents\github\reloaded\trunk\src\curl-7.28.1\lib\release\http.sbr
c:\users\thunder\documents\github\reloaded\trunk\src\curl-7.28.1\lib\release\http_chunks.sbr
c:\users\thunder\documents\github\reloaded\trunk\src\curl-7.28.1\lib\release\http_digest.sbr
c:\users\thunder\documents\github\reloaded\trunk\src\curl-7.28.1\lib\release\http_negotiate.sbr
c:\users\thunder\documents\github\reloaded\trunk\src\curl-7.28.1\lib\release\http_negotiate_sspi.sbr
c:\users\thunder\documents\github\reloaded\trunk\src\curl-7.28.1\lib\release\http_proxy.sbr
c:\users\thunder\documents\github\reloaded\trunk\src\curl-7.28.1\lib\release\idn_win32.sbr
c:\users\thunder\documents\github\reloaded\trunk\src\curl-7.28.1\lib\release\if2ip.sbr
c:\users\thunder\documents\github\reloaded\trunk\src\curl-7.28.1\lib\release\imap.sbr
c:\users\thunder\documents\github\reloaded\trunk\src\curl-7.28.1\lib\release\inet_ntop.sbr
c:\users\thunder\documents\github\reloaded\trunk\src\curl-7.28.1\lib\release\inet_pton.sbr
c:\users\thunder\documents\github\reloaded\trunk\src\curl-7.28.1\lib\release\krb4.sbr
c:\users\thunder\documents\github\reloaded\trunk\src\curl-7.28.1\lib\release\krb5.sbr
c:\users\thunder\documents\github\reloaded\trunk\src\curl-7.28.1\lib\release\ldap.sbr
c:\users\thunder\documents\github\reloaded\trunk\src\curl-7.28.1\lib\release\llist.sbr
c:\users\thunder\documents\github\reloaded\trunk\src\curl-7.28.1\lib\release\md4.sbr
c:\users\thunder\documents\github\reloaded\trunk\src\curl-7.28.1\lib\release\md5.sbr
c:\users\thunder\documents\github\reloaded\trunk\src\curl-7.28.1\lib\release\memdebug.sbr
c:\users\thunder\documents\github\reloaded\trunk\src\curl-7.28.1\lib\release\mprintf.sbr
c:\users\thunder\documents\github\reloaded\trunk\src\curl-7.28.1\lib\release\multi.sbr
c:\users\thunder\documents\github\reloaded\trunk\src\curl-7.28.1\lib\release\multi.obj
c:\users\thunder\documents\github\reloaded\trunk\src\curl-7.28.1\lib\release\mprintf.obj
c:\users\thunder\documents\github\reloaded\trunk\src\curl-7.28.1\lib\release\memdebug.obj
c:\users\thunder\documents\github\reloaded\trunk\src\curl-7.28.1\lib\release\md5.obj
c:\users\thunder\documents\github\reloaded\trunk\src\curl-7.28.1\lib\release\md4.obj
c:\users\thunder\documents\github\reloaded\trunk\src\curl-7.28.1\lib\release\llist.obj
c:\users\thunder\documents\github\reloaded\trunk\src\curl-7.28.1\lib\release\ldap.obj
c:\users\thunder\documents\github\reloaded\trunk\src\curl-7.28.1\lib\release\krb5.obj
c:\users\thunder\documents\github\reloaded\trunk\src\curl-7.28.1\lib\release\krb4.obj
c:\users\thunder\documents\github\reloaded\trunk\src\curl-7.28.1\lib\release\inet_pton.obj
c:\users\thunder\documents\github\reloaded\trunk\src\curl-7.28.1\lib\release\inet_ntop.obj
c:\users\thunder\documents\github\reloaded\trunk\src\curl-7.28.1\lib\release\imap.obj
c:\users\thunder\documents\github\reloaded\trunk\src\curl-7.28.1\lib\release\if2ip.obj
c:\users\thunder\documents\github\reloaded\trunk\src\curl-7.28.1\lib\release\idn_win32.obj
c:\users\thunder\documents\github\reloaded\trunk\src\curl-7.28.1\lib\release\http_proxy.obj
c:\users\thunder\documents\github\reloaded\trunk\src\curl-7.28.1\lib\release\http_negotiate_sspi.obj
c:\users\thunder\documents\github\reloaded\trunk\src\curl-7.28.1\lib\release\http_negotiate.obj
c:\users\thunder\documents\github\reloaded\trunk\src\curl-7.28.1\lib\release\http_digest.obj
c:\users\thunder\documents\github\reloaded\trunk\src\curl-7.28.1\lib\release\http_chunks.obj
c:\users\thunder\documents\github\reloaded\trunk\src\curl-7.28.1\lib\release\http.obj
c:\users\thunder\documents\github\reloaded\trunk\src\curl-7.28.1\lib\release\netrc.sbr
c:\users\thunder\documents\github\reloaded\trunk\src\curl-7.28.1\lib\release\non-ascii.sbr
c:\users\thunder\documents\github\reloaded\trunk\src\curl-7.28.1\lib\release\nonblock.sbr
c:\users\thunder\documents\github\reloaded\trunk\src\curl-7.28.1\lib\release\nss.sbr
c:\users\thunder\documents\github\reloaded\trunk\src\curl-7.28.1\lib\release\openldap.sbr
c:\users\thunder\documents\github\reloaded\trunk\src\curl-7.28.1\lib\release\parsedate.sbr
c:\users\thunder\documents\github\reloaded\trunk\src\curl-7.28.1\lib\release\pingpong.sbr
c:\users\thunder\documents\github\reloaded\trunk\src\curl-7.28.1\lib\release\polarssl.sbr
c:\users\thunder\documents\github\reloaded\trunk\src\curl-7.28.1\lib\release\pop3.sbr
c:\users\thunder\documents\github\reloaded\trunk\src\curl-7.28.1\lib\release\progress.sbr
c:\users\thunder\documents\github\reloaded\trunk\src\curl-7.28.1\lib\release\qssl.sbr
c:\users\thunder\documents\github\reloaded\trunk\src\curl-7.28.1\lib\release\rawstr.sbr
c:\users\thunder\documents\github\reloaded\trunk\src\curl-7.28.1\lib\release\rtsp.sbr
c:\users\thunder\documents\github\reloaded\trunk\src\curl-7.28.1\lib\release\security.sbr
c:\users\thunder\documents\github\reloaded\trunk\src\curl-7.28.1\lib\release\select.sbr
c:\users\thunder\documents\github\reloaded\trunk\src\curl-7.28.1\lib\release\sendf.sbr
c:\users\thunder\documents\github\reloaded\trunk\src\curl-7.28.1\lib\release\share.sbr
c:\users\thunder\documents\github\reloaded\trunk\src\curl-7.28.1\lib\release\slist.sbr
c:\users\thunder\documents\github\reloaded\trunk\src\curl-7.28.1\lib\release\smtp.sbr
c:\users\thunder\documents\github\reloaded\trunk\src\curl-7.28.1\lib\release\socks.sbr
c:\users\thunder\documents\github\reloaded\trunk\src\curl-7.28.1\lib\release\socks.obj
c:\users\thunder\documents\github\reloaded\trunk\src\curl-7.28.1\lib\release\smtp.obj
c:\users\thunder\documents\github\reloaded\trunk\src\curl-7.28.1\lib\release\slist.obj
c:\users\thunder\documents\github\reloaded\trunk\src\curl-7.28.1\lib\release\share.obj
c:\users\thunder\documents\github\reloaded\trunk\src\curl-7.28.1\lib\release\sendf.obj
c:\users\thunder\documents\github\reloaded\trunk\src\curl-7.28.1\lib\release\select.obj
c:\users\thunder\documents\github\reloaded\trunk\src\curl-7.28.1\lib\release\security.obj
c:\users\thunder\documents\github\reloaded\trunk\src\curl-7.28.1\lib\release\rtsp.obj
c:\users\thunder\documents\github\reloaded\trunk\src\curl-7.28.1\lib\release\rawstr.obj
c:\users\thunder\documents\github\reloaded\trunk\src\curl-7.28.1\lib\release\qssl.obj
c:\users\thunder\documents\github\reloaded\trunk\src\curl-7.28.1\lib\release\progress.obj
c:\users\thunder\documents\github\reloaded\trunk\src\curl-7.28.1\lib\release\pop3.obj
c:\users\thunder\documents\github\reloaded\trunk\src\curl-7.28.1\lib\release\polarssl.obj
c:\users\thunder\documents\github\reloaded\trunk\src\curl-7.28.1\lib\release\pingpong.obj
c:\users\thunder\documents\github\reloaded\trunk\src\curl-7.28.1\lib\release\parsedate.obj
c:\users\thunder\documents\github\reloaded\trunk\src\curl-7.28.1\lib\release\openldap.obj
c:\users\thunder\documents\github\reloaded\trunk\src\curl-7.28.1\lib\release\nss.obj
c:\users\thunder\documents\github\reloaded\trunk\src\curl-7.28.1\lib\release\nonblock.obj
c:\users\thunder\documents\github\reloaded\trunk\src\curl-7.28.1\lib\release\non-ascii.obj
c:\users\thunder\documents\github\reloaded\trunk\src\curl-7.28.1\lib\release\netrc.obj
c:\users\thunder\documents\github\reloaded\trunk\src\curl-7.28.1\lib\release\socks_gssapi.sbr
c:\users\thunder\documents\github\reloaded\trunk\src\curl-7.28.1\lib\release\socks_sspi.sbr
c:\users\thunder\documents\github\reloaded\trunk\src\curl-7.28.1\lib\release\speedcheck.sbr
c:\users\thunder\documents\github\reloaded\trunk\src\curl-7.28.1\lib\release\splay.sbr
c:\users\thunder\documents\github\reloaded\trunk\src\curl-7.28.1\lib\release\ssh.sbr
c:\users\thunder\documents\github\reloaded\trunk\src\curl-7.28.1\lib\release\sslgen.sbr
c:\users\thunder\documents\github\reloaded\trunk\src\curl-7.28.1\lib\release\ssluse.sbr
c:\users\thunder\documents\github\reloaded\trunk\src\curl-7.28.1\lib\release\strdup.sbr
c:\users\thunder\documents\github\reloaded\trunk\src\curl-7.28.1\lib\release\strequal.sbr
c:\users\thunder\documents\github\reloaded\trunk\src\curl-7.28.1\lib\release\strerror.sbr
c:\users\thunder\documents\github\reloaded\trunk\src\curl-7.28.1\lib\release\strtok.sbr
c:\users\thunder\documents\github\reloaded\trunk\src\curl-7.28.1\lib\release\strtoofft.sbr
c:\users\thunder\documents\github\reloaded\trunk\src\curl-7.28.1\lib\release\telnet.sbr
c:\users\thunder\documents\github\reloaded\trunk\src\curl-7.28.1\lib\release\tftp.sbr
c:\users\thunder\documents\github\reloaded\trunk\src\curl-7.28.1\lib\release\timeval.sbr
c:\users\thunder\documents\github\reloaded\trunk\src\curl-7.28.1\lib\release\transfer.sbr
c:\users\thunder\documents\github\reloaded\trunk\src\curl-7.28.1\lib\release\url.sbr
c:\users\thunder\documents\github\reloaded\trunk\src\curl-7.28.1\lib\release\version.sbr
c:\users\thunder\documents\github\reloaded\trunk\src\curl-7.28.1\lib\release\warnless.sbr
c:\users\thunder\documents\github\reloaded\trunk\src\curl-7.28.1\lib\release\wildcard.sbr
c:\users\thunder\documents\github\reloaded\trunk\src\curl-7.28.1\lib\release\wildcard.obj
c:\users\thunder\documents\github\reloaded\trunk\src\curl-7.28.1\lib\release\warnless.obj
c:\users\thunder\documents\github\reloaded\trunk\src\curl-7.28.1\lib\release\version.obj
c:\users\thunder\documents\github\reloaded\trunk\src\curl-7.28.1\lib\release\url.obj
c:\users\thunder\documents\github\reloaded\trunk\src\curl-7.28.1\lib\release\transfer.obj
c:\users\thunder\documents\github\reloaded\trunk\src\curl-7.28.1\lib\release\timeval.obj
c:\users\thunder\documents\github\reloaded\trunk\src\curl-7.28.1\lib\release\tftp.obj
c:\users\thunder\documents\github\reloaded\trunk\src\curl-7.28.1\lib\release\telnet.obj
c:\users\thunder\documents\github\reloaded\trunk\src\curl-7.28.1\lib\release\strtoofft.obj
c:\users\thunder\documents\github\reloaded\trunk\src\curl-7.28.1\lib\release\strtok.obj
c:\users\thunder\documents\github\reloaded\trunk\src\curl-7.28.1\lib\release\strerror.obj
c:\users\thunder\documents\github\reloaded\trunk\src\curl-7.28.1\lib\release\strequal.obj
c:\users\thunder\documents\github\reloaded\trunk\src\curl-7.28.1\lib\release\strdup.obj
c:\users\thunder\documents\github\reloaded\trunk\src\curl-7.28.1\lib\release\ssluse.obj
c:\users\thunder\documents\github\reloaded\trunk\src\curl-7.28.1\lib\release\sslgen.obj
c:\users\thunder\documents\github\reloaded\trunk\src\curl-7.28.1\lib\release\ssh.obj
c:\users\thunder\documents\github\reloaded\trunk\src\curl-7.28.1\lib\release\splay.obj
c:\users\thunder\documents\github\reloaded\trunk\src\curl-7.28.1\lib\release\speedcheck.obj
c:\users\thunder\documents\github\reloaded\trunk\src\curl-7.28.1\lib\release\socks_sspi.obj
c:\users\thunder\documents\github\reloaded\trunk\src\curl-7.28.1\lib\release\socks_gssapi.obj
c:\users\thunder\documents\github\reloaded\trunk\src\curl-7.28.1\lib\release\libcurl.lib
c:\users\thunder\documents\github\reloaded\trunk\src\curl-7.28.1\lib\.\release\libcurl.lib
c:\users\thunder\documents\github\reloaded\trunk\src\curl-7.28.1\lib\release\libcurl.tlog\bscmake.command.1.tlog
c:\users\thunder\documents\github\reloaded\trunk\src\curl-7.28.1\lib\release\libcurl.tlog\bscmake.read.1.tlog
c:\users\thunder\documents\github\reloaded\trunk\src\curl-7.28.1\lib\release\libcurl.tlog\bscmake.write.1.tlog
c:\users\thunder\documents\github\reloaded\trunk\src\curl-7.28.1\lib\release\libcurl.tlog\cl.command.1.tlog
c:\users\thunder\documents\github\reloaded\trunk\src\curl-7.28.1\lib\release\libcurl.tlog\cl.read.1.tlog
c:\users\thunder\documents\github\reloaded\trunk\src\curl-7.28.1\lib\release\libcurl.tlog\cl.write.1.tlog
c:\users\thunder\documents\github\reloaded\trunk\src\curl-7.28.1\lib\release\libcurl.tlog\lib-link.read.1.tlog
c:\users\thunder\documents\github\reloaded\trunk\src\curl-7.28.1\lib\release\libcurl.tlog\lib-link.write.1.tlog
c:\users\thunder\documents\github\reloaded\trunk\src\curl-7.28.1\lib\release\libcurl.tlog\lib.command.1.tlog
