c:\users\thunder\documents\github\reloaded\trunk\src\cgame\release\cgame_mp_x86.lib
c:\users\thunder\documents\github\reloaded\trunk\src\cgame\release\cgame_mp_x86.exp
c:\users\thunder\documents\github\reloaded\trunk\src\cgame\release\vc141.pdb
c:\users\thunder\documents\github\reloaded\trunk\src\cgame\release\cg_ents.obj
c:\users\thunder\documents\github\reloaded\trunk\src\cgame\release\cg_effects.obj
c:\users\thunder\documents\github\reloaded\trunk\src\cgame\release\cg_drawtools.obj
c:\users\thunder\documents\github\reloaded\trunk\src\cgame\release\cg_draw.obj
c:\users\thunder\documents\github\reloaded\trunk\src\cgame\release\cg_debriefing.obj
c:\users\thunder\documents\github\reloaded\trunk\src\cgame\release\cg_consolecmds.obj
c:\users\thunder\documents\github\reloaded\trunk\src\cgame\release\cg_commandmap.obj
c:\users\thunder\documents\github\reloaded\trunk\src\cgame\release\cg_character.obj
c:\users\thunder\documents\github\reloaded\trunk\src\cgame\release\cg_atmospheric.obj
c:\users\thunder\documents\github\reloaded\trunk\src\cgame\release\bg_tracemap.obj
c:\users\thunder\documents\github\reloaded\trunk\src\cgame\release\bg_stats.obj
c:\users\thunder\documents\github\reloaded\trunk\src\cgame\release\bg_sscript.obj
c:\users\thunder\documents\github\reloaded\trunk\src\cgame\release\bg_slidemove.obj
c:\users\thunder\documents\github\reloaded\trunk\src\cgame\release\bg_pmove.obj
c:\users\thunder\documents\github\reloaded\trunk\src\cgame\release\bg_misc.obj
c:\users\thunder\documents\github\reloaded\trunk\src\cgame\release\bg_classes.obj
c:\users\thunder\documents\github\reloaded\trunk\src\cgame\release\bg_character.obj
c:\users\thunder\documents\github\reloaded\trunk\src\cgame\release\bg_campaign.obj
c:\users\thunder\documents\github\reloaded\trunk\src\cgame\release\bg_animgroup.obj
c:\users\thunder\documents\github\reloaded\trunk\src\cgame\release\bg_animation.obj
c:\users\thunder\documents\github\reloaded\trunk\src\cgame\release\cg_predict.obj
c:\users\thunder\documents\github\reloaded\trunk\src\cgame\release\cg_popupmessages.obj
c:\users\thunder\documents\github\reloaded\trunk\src\cgame\release\cg_polybus.obj
c:\users\thunder\documents\github\reloaded\trunk\src\cgame\release\cg_playerstate.obj
c:\users\thunder\documents\github\reloaded\trunk\src\cgame\release\cg_players.obj
c:\users\thunder\documents\github\reloaded\trunk\src\cgame\release\cg_particles.obj
c:\users\thunder\documents\github\reloaded\trunk\src\cgame\release\cg_newdraw.obj
c:\users\thunder\documents\github\reloaded\trunk\src\cgame\release\cg_multiview.obj
c:\users\thunder\documents\github\reloaded\trunk\src\cgame\release\cg_missionbriefing.obj
c:\users\thunder\documents\github\reloaded\trunk\src\cgame\release\cg_marks.obj
c:\users\thunder\documents\github\reloaded\trunk\src\cgame\release\cg_main.obj
c:\users\thunder\documents\github\reloaded\trunk\src\cgame\release\cg_localents.obj
c:\users\thunder\documents\github\reloaded\trunk\src\cgame\release\cg_loadpanel.obj
c:\users\thunder\documents\github\reloaded\trunk\src\cgame\release\cg_limbopanel.obj
c:\users\thunder\documents\github\reloaded\trunk\src\cgame\release\cg_info.obj
c:\users\thunder\documents\github\reloaded\trunk\src\cgame\release\cg_hud.obj
c:\users\thunder\documents\github\reloaded\trunk\src\cgame\release\cg_flamethrower.obj
c:\users\thunder\documents\github\reloaded\trunk\src\cgame\release\cg_fireteams.obj
c:\users\thunder\documents\github\reloaded\trunk\src\cgame\release\cg_fireteamoverlay.obj
c:\users\thunder\documents\github\reloaded\trunk\src\cgame\release\cg_event.obj
c:\users\thunder\documents\github\reloaded\trunk\src\cgame\release\ui_shared.obj
c:\users\thunder\documents\github\reloaded\trunk\src\cgame\release\q_shared.obj
c:\users\thunder\documents\github\reloaded\trunk\src\cgame\release\q_math.obj
c:\users\thunder\documents\github\reloaded\trunk\src\cgame\release\cg_window.obj
c:\users\thunder\documents\github\reloaded\trunk\src\cgame\release\cg_weapons.obj
c:\users\thunder\documents\github\reloaded\trunk\src\cgame\release\cg_view.obj
c:\users\thunder\documents\github\reloaded\trunk\src\cgame\release\cg_trails.obj
c:\users\thunder\documents\github\reloaded\trunk\src\cgame\release\cg_syscalls.obj
c:\users\thunder\documents\github\reloaded\trunk\src\cgame\release\cg_statsranksmedals.obj
c:\users\thunder\documents\github\reloaded\trunk\src\cgame\release\cg_spawn.obj
c:\users\thunder\documents\github\reloaded\trunk\src\cgame\release\cg_sound.obj
c:\users\thunder\documents\github\reloaded\trunk\src\cgame\release\cg_snapshot.obj
c:\users\thunder\documents\github\reloaded\trunk\src\cgame\release\cg_servercmds.obj
c:\users\thunder\documents\github\reloaded\trunk\src\cgame\release\cg_scoreboard.obj
c:\users\thunder\documents\github\reloaded\trunk\src\cgame\release\cg_uid.obj
c:\users\thunder\documents\github\reloaded\trunk\src\cgame\release\cg_shoutcaster.obj
c:\users\thunder\documents\github\reloaded\trunk\src\cgame\release\cg_osfile.obj
c:\users\thunder\documents\github\reloaded\trunk\src\cgame\release\cg_crash.obj
c:\users\thunder\documents\github\reloaded\trunk\src\cgame\release\md5.obj
c:\users\thunder\documents\github\reloaded\trunk\src\release\cgame_mp_x86.dll
c:\users\thunder\documents\github\reloaded\trunk\src\cgame\release\cgame_mp_x86.map
c:\users\thunder\documents\github\reloaded\trunk\src\cgame\..\release/cgame_mp_x86.dll
c:\users\thunder\documents\github\reloaded\trunk\src\cgame\release\cgame.tlog\cgame.write.1u.tlog
c:\users\thunder\documents\github\reloaded\trunk\src\cgame\release\cgame.tlog\cl.command.1.tlog
c:\users\thunder\documents\github\reloaded\trunk\src\cgame\release\cgame.tlog\cl.read.1.tlog
c:\users\thunder\documents\github\reloaded\trunk\src\cgame\release\cgame.tlog\cl.write.1.tlog
c:\users\thunder\documents\github\reloaded\trunk\src\cgame\release\cgame.tlog\link.command.1.tlog
c:\users\thunder\documents\github\reloaded\trunk\src\cgame\release\cgame.tlog\link.read.1.tlog
c:\users\thunder\documents\github\reloaded\trunk\src\cgame\release\cgame.tlog\link.write.1.tlog
