  bg_animation.c
  bg_animgroup.c
  bg_campaign.c
  bg_character.c
  bg_classes.c
  bg_misc.c
  bg_pmove.c
  bg_slidemove.c
  bg_sscript.c
  bg_stats.c
  bg_tracemap.c
  cg_atmospheric.c
  cg_character.c
  cg_commandmap.c
  cg_consolecmds.c
  cg_debriefing.c
  cg_draw.c
  cg_drawtools.c
  cg_effects.c
  cg_ents.c
  Generating Code...
  Compiling...
  cg_event.c
  cg_fireteamoverlay.c
  cg_fireteams.c
  cg_flamethrower.c
  cg_hud.c
  cg_info.c
  cg_limbopanel.c
  cg_loadpanel.c
  cg_localents.c
  cg_main.c
  cg_marks.c
  cg_missionbriefing.c
  cg_multiview.c
  cg_newDraw.c
  cg_particles.c
  cg_players.c
  cg_playerstate.c
  cg_polybus.c
  cg_popupmessages.c
  cg_predict.c
  Generating Code...
  Compiling...
  cg_scoreboard.c
  cg_servercmds.c
  cg_snapshot.c
  cg_sound.c
  cg_spawn.c
  cg_statsranksmedals.c
  cg_syscalls.c
  cg_trails.c
  cg_view.c
  cg_weapons.c
  cg_window.c
  q_math.c
  q_shared.c
  ui_shared.c
  Generating Code...
  md5.c
  cg_crash.c
  cg_osfile.c
  cg_shoutcaster.c
  cg_uid.c
c:\users\thunder\documents\github\reloaded\trunk\src\cgame\cg_uid.c(136): warning C4996: 'GetVersionExA': was declared deprecated
  c:\program files (x86)\windows kits\10\include\10.0.17763.0\um\sysinfoapi.h(378): note: see declaration of 'GetVersionExA'
  Generating Code...
     Creating library .\Release/cgame_mp_x86.lib and object .\Release/cgame_mp_x86.exp
  cgame.vcxproj -> C:\Users\Thunder\Documents\GitHub\Reloaded\trunk\src\cgame\..\Release/cgame_mp_x86.dll
