c:\users\thunder\documents\github\reloaded\trunk\src\ui\release\vc141.pdb
c:\users\thunder\documents\github\reloaded\trunk\src\ui\release\ui_util.obj
c:\users\thunder\documents\github\reloaded\trunk\src\ui\release\ui_syscalls.obj
c:\users\thunder\documents\github\reloaded\trunk\src\ui\release\ui_shared.obj
c:\users\thunder\documents\github\reloaded\trunk\src\ui\release\ui_players.obj
c:\users\thunder\documents\github\reloaded\trunk\src\ui\release\ui_main.obj
c:\users\thunder\documents\github\reloaded\trunk\src\ui\release\ui_loadpanel.obj
c:\users\thunder\documents\github\reloaded\trunk\src\ui\release\ui_gameinfo.obj
c:\users\thunder\documents\github\reloaded\trunk\src\ui\release\ui_atoms.obj
c:\users\thunder\documents\github\reloaded\trunk\src\ui\release\q_shared.obj
c:\users\thunder\documents\github\reloaded\trunk\src\ui\release\q_math.obj
c:\users\thunder\documents\github\reloaded\trunk\src\ui\release\bg_misc.obj
c:\users\thunder\documents\github\reloaded\trunk\src\ui\release\bg_classes.obj
c:\users\thunder\documents\github\reloaded\trunk\src\ui\release\bg_campaign.obj
c:\users\thunder\documents\github\reloaded\trunk\src\release\ui_mp_x86.dll
c:\users\thunder\documents\github\reloaded\trunk\src\ui\release\ui_mp_x86.map
c:\users\thunder\documents\github\reloaded\trunk\src\ui\release\ui_mp_x86.lib
c:\users\thunder\documents\github\reloaded\trunk\src\ui\release\ui_mp_x86.exp
c:\users\thunder\documents\github\reloaded\trunk\src\ui\..\release/ui_mp_x86.dll
c:\users\thunder\documents\github\reloaded\trunk\src\ui\release\ui.tlog\cl.command.1.tlog
c:\users\thunder\documents\github\reloaded\trunk\src\ui\release\ui.tlog\cl.read.1.tlog
c:\users\thunder\documents\github\reloaded\trunk\src\ui\release\ui.tlog\cl.write.1.tlog
c:\users\thunder\documents\github\reloaded\trunk\src\ui\release\ui.tlog\link.command.1.tlog
c:\users\thunder\documents\github\reloaded\trunk\src\ui\release\ui.tlog\link.read.1.tlog
c:\users\thunder\documents\github\reloaded\trunk\src\ui\release\ui.tlog\link.write.1.tlog
c:\users\thunder\documents\github\reloaded\trunk\src\ui\release\ui.tlog\ui.write.1u.tlog
