c:\users\thunder\documents\github\reloaded\trunk\src\curl-7.28.1\lib\debug\libcurl.bsc
c:\users\thunder\documents\github\reloaded\trunk\src\curl-7.28.1\lib\debug\libcurl.pdb
c:\users\thunder\documents\github\reloaded\trunk\src\curl-7.28.1\lib\debug\libcurl.idb
c:\users\thunder\documents\github\reloaded\trunk\src\curl-7.28.1\lib\debug\wildcard.sbr
c:\users\thunder\documents\github\reloaded\trunk\src\curl-7.28.1\lib\debug\warnless.sbr
c:\users\thunder\documents\github\reloaded\trunk\src\curl-7.28.1\lib\debug\version.sbr
c:\users\thunder\documents\github\reloaded\trunk\src\curl-7.28.1\lib\debug\url.sbr
c:\users\thunder\documents\github\reloaded\trunk\src\curl-7.28.1\lib\debug\transfer.sbr
c:\users\thunder\documents\github\reloaded\trunk\src\curl-7.28.1\lib\debug\timeval.sbr
c:\users\thunder\documents\github\reloaded\trunk\src\curl-7.28.1\lib\debug\tftp.sbr
c:\users\thunder\documents\github\reloaded\trunk\src\curl-7.28.1\lib\debug\telnet.sbr
c:\users\thunder\documents\github\reloaded\trunk\src\curl-7.28.1\lib\debug\strtoofft.sbr
c:\users\thunder\documents\github\reloaded\trunk\src\curl-7.28.1\lib\debug\strtok.sbr
c:\users\thunder\documents\github\reloaded\trunk\src\curl-7.28.1\lib\debug\strerror.sbr
c:\users\thunder\documents\github\reloaded\trunk\src\curl-7.28.1\lib\debug\strequal.sbr
c:\users\thunder\documents\github\reloaded\trunk\src\curl-7.28.1\lib\debug\strdup.sbr
c:\users\thunder\documents\github\reloaded\trunk\src\curl-7.28.1\lib\debug\ssluse.sbr
c:\users\thunder\documents\github\reloaded\trunk\src\curl-7.28.1\lib\debug\sslgen.sbr
c:\users\thunder\documents\github\reloaded\trunk\src\curl-7.28.1\lib\debug\ssh.sbr
c:\users\thunder\documents\github\reloaded\trunk\src\curl-7.28.1\lib\debug\splay.sbr
c:\users\thunder\documents\github\reloaded\trunk\src\curl-7.28.1\lib\debug\speedcheck.sbr
c:\users\thunder\documents\github\reloaded\trunk\src\curl-7.28.1\lib\debug\socks_sspi.sbr
c:\users\thunder\documents\github\reloaded\trunk\src\curl-7.28.1\lib\debug\socks_gssapi.sbr
c:\users\thunder\documents\github\reloaded\trunk\src\curl-7.28.1\lib\debug\socks_gssapi.obj
c:\users\thunder\documents\github\reloaded\trunk\src\curl-7.28.1\lib\debug\socks_sspi.obj
c:\users\thunder\documents\github\reloaded\trunk\src\curl-7.28.1\lib\debug\speedcheck.obj
c:\users\thunder\documents\github\reloaded\trunk\src\curl-7.28.1\lib\debug\splay.obj
c:\users\thunder\documents\github\reloaded\trunk\src\curl-7.28.1\lib\debug\ssh.obj
c:\users\thunder\documents\github\reloaded\trunk\src\curl-7.28.1\lib\debug\sslgen.obj
c:\users\thunder\documents\github\reloaded\trunk\src\curl-7.28.1\lib\debug\ssluse.obj
c:\users\thunder\documents\github\reloaded\trunk\src\curl-7.28.1\lib\debug\strdup.obj
c:\users\thunder\documents\github\reloaded\trunk\src\curl-7.28.1\lib\debug\strequal.obj
c:\users\thunder\documents\github\reloaded\trunk\src\curl-7.28.1\lib\debug\strerror.obj
c:\users\thunder\documents\github\reloaded\trunk\src\curl-7.28.1\lib\debug\strtok.obj
c:\users\thunder\documents\github\reloaded\trunk\src\curl-7.28.1\lib\debug\strtoofft.obj
c:\users\thunder\documents\github\reloaded\trunk\src\curl-7.28.1\lib\debug\telnet.obj
c:\users\thunder\documents\github\reloaded\trunk\src\curl-7.28.1\lib\debug\tftp.obj
c:\users\thunder\documents\github\reloaded\trunk\src\curl-7.28.1\lib\debug\timeval.obj
c:\users\thunder\documents\github\reloaded\trunk\src\curl-7.28.1\lib\debug\transfer.obj
c:\users\thunder\documents\github\reloaded\trunk\src\curl-7.28.1\lib\debug\url.obj
c:\users\thunder\documents\github\reloaded\trunk\src\curl-7.28.1\lib\debug\version.obj
c:\users\thunder\documents\github\reloaded\trunk\src\curl-7.28.1\lib\debug\warnless.obj
c:\users\thunder\documents\github\reloaded\trunk\src\curl-7.28.1\lib\debug\wildcard.obj
c:\users\thunder\documents\github\reloaded\trunk\src\curl-7.28.1\lib\debug\socks.sbr
c:\users\thunder\documents\github\reloaded\trunk\src\curl-7.28.1\lib\debug\smtp.sbr
c:\users\thunder\documents\github\reloaded\trunk\src\curl-7.28.1\lib\debug\slist.sbr
c:\users\thunder\documents\github\reloaded\trunk\src\curl-7.28.1\lib\debug\share.sbr
c:\users\thunder\documents\github\reloaded\trunk\src\curl-7.28.1\lib\debug\sendf.sbr
c:\users\thunder\documents\github\reloaded\trunk\src\curl-7.28.1\lib\debug\select.sbr
c:\users\thunder\documents\github\reloaded\trunk\src\curl-7.28.1\lib\debug\security.sbr
c:\users\thunder\documents\github\reloaded\trunk\src\curl-7.28.1\lib\debug\rtsp.sbr
c:\users\thunder\documents\github\reloaded\trunk\src\curl-7.28.1\lib\debug\rawstr.sbr
c:\users\thunder\documents\github\reloaded\trunk\src\curl-7.28.1\lib\debug\qssl.sbr
c:\users\thunder\documents\github\reloaded\trunk\src\curl-7.28.1\lib\debug\progress.sbr
c:\users\thunder\documents\github\reloaded\trunk\src\curl-7.28.1\lib\debug\pop3.sbr
c:\users\thunder\documents\github\reloaded\trunk\src\curl-7.28.1\lib\debug\polarssl.sbr
c:\users\thunder\documents\github\reloaded\trunk\src\curl-7.28.1\lib\debug\pingpong.sbr
c:\users\thunder\documents\github\reloaded\trunk\src\curl-7.28.1\lib\debug\parsedate.sbr
c:\users\thunder\documents\github\reloaded\trunk\src\curl-7.28.1\lib\debug\openldap.sbr
c:\users\thunder\documents\github\reloaded\trunk\src\curl-7.28.1\lib\debug\nss.sbr
c:\users\thunder\documents\github\reloaded\trunk\src\curl-7.28.1\lib\debug\nonblock.sbr
c:\users\thunder\documents\github\reloaded\trunk\src\curl-7.28.1\lib\debug\non-ascii.sbr
c:\users\thunder\documents\github\reloaded\trunk\src\curl-7.28.1\lib\debug\netrc.sbr
c:\users\thunder\documents\github\reloaded\trunk\src\curl-7.28.1\lib\debug\netrc.obj
c:\users\thunder\documents\github\reloaded\trunk\src\curl-7.28.1\lib\debug\non-ascii.obj
c:\users\thunder\documents\github\reloaded\trunk\src\curl-7.28.1\lib\debug\nonblock.obj
c:\users\thunder\documents\github\reloaded\trunk\src\curl-7.28.1\lib\debug\nss.obj
c:\users\thunder\documents\github\reloaded\trunk\src\curl-7.28.1\lib\debug\openldap.obj
c:\users\thunder\documents\github\reloaded\trunk\src\curl-7.28.1\lib\debug\parsedate.obj
c:\users\thunder\documents\github\reloaded\trunk\src\curl-7.28.1\lib\debug\pingpong.obj
c:\users\thunder\documents\github\reloaded\trunk\src\curl-7.28.1\lib\debug\polarssl.obj
c:\users\thunder\documents\github\reloaded\trunk\src\curl-7.28.1\lib\debug\pop3.obj
c:\users\thunder\documents\github\reloaded\trunk\src\curl-7.28.1\lib\debug\progress.obj
c:\users\thunder\documents\github\reloaded\trunk\src\curl-7.28.1\lib\debug\qssl.obj
c:\users\thunder\documents\github\reloaded\trunk\src\curl-7.28.1\lib\debug\rawstr.obj
c:\users\thunder\documents\github\reloaded\trunk\src\curl-7.28.1\lib\debug\rtsp.obj
c:\users\thunder\documents\github\reloaded\trunk\src\curl-7.28.1\lib\debug\security.obj
c:\users\thunder\documents\github\reloaded\trunk\src\curl-7.28.1\lib\debug\select.obj
c:\users\thunder\documents\github\reloaded\trunk\src\curl-7.28.1\lib\debug\sendf.obj
c:\users\thunder\documents\github\reloaded\trunk\src\curl-7.28.1\lib\debug\share.obj
c:\users\thunder\documents\github\reloaded\trunk\src\curl-7.28.1\lib\debug\slist.obj
c:\users\thunder\documents\github\reloaded\trunk\src\curl-7.28.1\lib\debug\smtp.obj
c:\users\thunder\documents\github\reloaded\trunk\src\curl-7.28.1\lib\debug\socks.obj
c:\users\thunder\documents\github\reloaded\trunk\src\curl-7.28.1\lib\debug\multi.sbr
c:\users\thunder\documents\github\reloaded\trunk\src\curl-7.28.1\lib\debug\mprintf.sbr
c:\users\thunder\documents\github\reloaded\trunk\src\curl-7.28.1\lib\debug\memdebug.sbr
c:\users\thunder\documents\github\reloaded\trunk\src\curl-7.28.1\lib\debug\md5.sbr
c:\users\thunder\documents\github\reloaded\trunk\src\curl-7.28.1\lib\debug\md4.sbr
c:\users\thunder\documents\github\reloaded\trunk\src\curl-7.28.1\lib\debug\llist.sbr
c:\users\thunder\documents\github\reloaded\trunk\src\curl-7.28.1\lib\debug\ldap.sbr
c:\users\thunder\documents\github\reloaded\trunk\src\curl-7.28.1\lib\debug\krb5.sbr
c:\users\thunder\documents\github\reloaded\trunk\src\curl-7.28.1\lib\debug\krb4.sbr
c:\users\thunder\documents\github\reloaded\trunk\src\curl-7.28.1\lib\debug\inet_pton.sbr
c:\users\thunder\documents\github\reloaded\trunk\src\curl-7.28.1\lib\debug\inet_ntop.sbr
c:\users\thunder\documents\github\reloaded\trunk\src\curl-7.28.1\lib\debug\imap.sbr
c:\users\thunder\documents\github\reloaded\trunk\src\curl-7.28.1\lib\debug\if2ip.sbr
c:\users\thunder\documents\github\reloaded\trunk\src\curl-7.28.1\lib\debug\idn_win32.sbr
c:\users\thunder\documents\github\reloaded\trunk\src\curl-7.28.1\lib\debug\http_proxy.sbr
c:\users\thunder\documents\github\reloaded\trunk\src\curl-7.28.1\lib\debug\http_negotiate_sspi.sbr
c:\users\thunder\documents\github\reloaded\trunk\src\curl-7.28.1\lib\debug\http_negotiate.sbr
c:\users\thunder\documents\github\reloaded\trunk\src\curl-7.28.1\lib\debug\http_digest.sbr
c:\users\thunder\documents\github\reloaded\trunk\src\curl-7.28.1\lib\debug\http_chunks.sbr
c:\users\thunder\documents\github\reloaded\trunk\src\curl-7.28.1\lib\debug\http.sbr
c:\users\thunder\documents\github\reloaded\trunk\src\curl-7.28.1\lib\debug\http.obj
c:\users\thunder\documents\github\reloaded\trunk\src\curl-7.28.1\lib\debug\http_chunks.obj
c:\users\thunder\documents\github\reloaded\trunk\src\curl-7.28.1\lib\debug\http_digest.obj
c:\users\thunder\documents\github\reloaded\trunk\src\curl-7.28.1\lib\debug\http_negotiate.obj
c:\users\thunder\documents\github\reloaded\trunk\src\curl-7.28.1\lib\debug\http_negotiate_sspi.obj
c:\users\thunder\documents\github\reloaded\trunk\src\curl-7.28.1\lib\debug\http_proxy.obj
c:\users\thunder\documents\github\reloaded\trunk\src\curl-7.28.1\lib\debug\idn_win32.obj
c:\users\thunder\documents\github\reloaded\trunk\src\curl-7.28.1\lib\debug\if2ip.obj
c:\users\thunder\documents\github\reloaded\trunk\src\curl-7.28.1\lib\debug\imap.obj
c:\users\thunder\documents\github\reloaded\trunk\src\curl-7.28.1\lib\debug\inet_ntop.obj
c:\users\thunder\documents\github\reloaded\trunk\src\curl-7.28.1\lib\debug\inet_pton.obj
c:\users\thunder\documents\github\reloaded\trunk\src\curl-7.28.1\lib\debug\krb4.obj
c:\users\thunder\documents\github\reloaded\trunk\src\curl-7.28.1\lib\debug\krb5.obj
c:\users\thunder\documents\github\reloaded\trunk\src\curl-7.28.1\lib\debug\ldap.obj
c:\users\thunder\documents\github\reloaded\trunk\src\curl-7.28.1\lib\debug\llist.obj
c:\users\thunder\documents\github\reloaded\trunk\src\curl-7.28.1\lib\debug\md4.obj
c:\users\thunder\documents\github\reloaded\trunk\src\curl-7.28.1\lib\debug\md5.obj
c:\users\thunder\documents\github\reloaded\trunk\src\curl-7.28.1\lib\debug\memdebug.obj
c:\users\thunder\documents\github\reloaded\trunk\src\curl-7.28.1\lib\debug\mprintf.obj
c:\users\thunder\documents\github\reloaded\trunk\src\curl-7.28.1\lib\debug\multi.obj
c:\users\thunder\documents\github\reloaded\trunk\src\curl-7.28.1\lib\debug\hostsyn.sbr
c:\users\thunder\documents\github\reloaded\trunk\src\curl-7.28.1\lib\debug\hostip.sbr
c:\users\thunder\documents\github\reloaded\trunk\src\curl-7.28.1\lib\debug\hostip6.sbr
c:\users\thunder\documents\github\reloaded\trunk\src\curl-7.28.1\lib\debug\hostip4.sbr
c:\users\thunder\documents\github\reloaded\trunk\src\curl-7.28.1\lib\debug\hostasyn.sbr
c:\users\thunder\documents\github\reloaded\trunk\src\curl-7.28.1\lib\debug\hmac.sbr
c:\users\thunder\documents\github\reloaded\trunk\src\curl-7.28.1\lib\debug\hash.sbr
c:\users\thunder\documents\github\reloaded\trunk\src\curl-7.28.1\lib\debug\gtls.sbr
c:\users\thunder\documents\github\reloaded\trunk\src\curl-7.28.1\lib\debug\gopher.sbr
c:\users\thunder\documents\github\reloaded\trunk\src\curl-7.28.1\lib\debug\getinfo.sbr
c:\users\thunder\documents\github\reloaded\trunk\src\curl-7.28.1\lib\debug\getenv.sbr
c:\users\thunder\documents\github\reloaded\trunk\src\curl-7.28.1\lib\debug\ftplistparser.sbr
c:\users\thunder\documents\github\reloaded\trunk\src\curl-7.28.1\lib\debug\ftp.sbr
c:\users\thunder\documents\github\reloaded\trunk\src\curl-7.28.1\lib\debug\formdata.sbr
c:\users\thunder\documents\github\reloaded\trunk\src\curl-7.28.1\lib\debug\fileinfo.sbr
c:\users\thunder\documents\github\reloaded\trunk\src\curl-7.28.1\lib\debug\file.sbr
c:\users\thunder\documents\github\reloaded\trunk\src\curl-7.28.1\lib\debug\escape.sbr
c:\users\thunder\documents\github\reloaded\trunk\src\curl-7.28.1\lib\debug\easy.sbr
c:\users\thunder\documents\github\reloaded\trunk\src\curl-7.28.1\lib\debug\dict.sbr
c:\users\thunder\documents\github\reloaded\trunk\src\curl-7.28.1\lib\debug\cyassl.sbr
c:\users\thunder\documents\github\reloaded\trunk\src\curl-7.28.1\lib\debug\cyassl.obj
c:\users\thunder\documents\github\reloaded\trunk\src\curl-7.28.1\lib\debug\dict.obj
c:\users\thunder\documents\github\reloaded\trunk\src\curl-7.28.1\lib\debug\easy.obj
c:\users\thunder\documents\github\reloaded\trunk\src\curl-7.28.1\lib\debug\escape.obj
c:\users\thunder\documents\github\reloaded\trunk\src\curl-7.28.1\lib\debug\file.obj
c:\users\thunder\documents\github\reloaded\trunk\src\curl-7.28.1\lib\debug\fileinfo.obj
c:\users\thunder\documents\github\reloaded\trunk\src\curl-7.28.1\lib\debug\formdata.obj
c:\users\thunder\documents\github\reloaded\trunk\src\curl-7.28.1\lib\debug\ftp.obj
c:\users\thunder\documents\github\reloaded\trunk\src\curl-7.28.1\lib\debug\ftplistparser.obj
c:\users\thunder\documents\github\reloaded\trunk\src\curl-7.28.1\lib\debug\getenv.obj
c:\users\thunder\documents\github\reloaded\trunk\src\curl-7.28.1\lib\debug\getinfo.obj
c:\users\thunder\documents\github\reloaded\trunk\src\curl-7.28.1\lib\debug\gopher.obj
c:\users\thunder\documents\github\reloaded\trunk\src\curl-7.28.1\lib\debug\gtls.obj
c:\users\thunder\documents\github\reloaded\trunk\src\curl-7.28.1\lib\debug\hash.obj
c:\users\thunder\documents\github\reloaded\trunk\src\curl-7.28.1\lib\debug\hmac.obj
c:\users\thunder\documents\github\reloaded\trunk\src\curl-7.28.1\lib\debug\hostasyn.obj
c:\users\thunder\documents\github\reloaded\trunk\src\curl-7.28.1\lib\debug\hostip4.obj
c:\users\thunder\documents\github\reloaded\trunk\src\curl-7.28.1\lib\debug\hostip6.obj
c:\users\thunder\documents\github\reloaded\trunk\src\curl-7.28.1\lib\debug\hostip.obj
c:\users\thunder\documents\github\reloaded\trunk\src\curl-7.28.1\lib\debug\hostsyn.obj
c:\users\thunder\documents\github\reloaded\trunk\src\curl-7.28.1\lib\debug\curl_threads.sbr
c:\users\thunder\documents\github\reloaded\trunk\src\curl-7.28.1\lib\debug\curl_sspi.sbr
c:\users\thunder\documents\github\reloaded\trunk\src\curl-7.28.1\lib\debug\curl_rtmp.sbr
c:\users\thunder\documents\github\reloaded\trunk\src\curl-7.28.1\lib\debug\curl_rand.sbr
c:\users\thunder\documents\github\reloaded\trunk\src\curl-7.28.1\lib\debug\curl_ntlm_wb.sbr
c:\users\thunder\documents\github\reloaded\trunk\src\curl-7.28.1\lib\debug\curl_ntlm_msgs.sbr
c:\users\thunder\documents\github\reloaded\trunk\src\curl-7.28.1\lib\debug\curl_ntlm_core.sbr
c:\users\thunder\documents\github\reloaded\trunk\src\curl-7.28.1\lib\debug\curl_ntlm.sbr
c:\users\thunder\documents\github\reloaded\trunk\src\curl-7.28.1\lib\debug\curl_memrchr.sbr
c:\users\thunder\documents\github\reloaded\trunk\src\curl-7.28.1\lib\debug\curl_gssapi.sbr
c:\users\thunder\documents\github\reloaded\trunk\src\curl-7.28.1\lib\debug\curl_gethostname.sbr
c:\users\thunder\documents\github\reloaded\trunk\src\curl-7.28.1\lib\debug\curl_fnmatch.sbr
c:\users\thunder\documents\github\reloaded\trunk\src\curl-7.28.1\lib\debug\curl_addrinfo.sbr
c:\users\thunder\documents\github\reloaded\trunk\src\curl-7.28.1\lib\debug\cookie.sbr
c:\users\thunder\documents\github\reloaded\trunk\src\curl-7.28.1\lib\debug\content_encoding.sbr
c:\users\thunder\documents\github\reloaded\trunk\src\curl-7.28.1\lib\debug\connect.sbr
c:\users\thunder\documents\github\reloaded\trunk\src\curl-7.28.1\lib\debug\base64.sbr
c:\users\thunder\documents\github\reloaded\trunk\src\curl-7.28.1\lib\debug\axtls.sbr
c:\users\thunder\documents\github\reloaded\trunk\src\curl-7.28.1\lib\debug\asyn-thread.sbr
c:\users\thunder\documents\github\reloaded\trunk\src\curl-7.28.1\lib\debug\asyn-ares.sbr
c:\users\thunder\documents\github\reloaded\trunk\src\curl-7.28.1\lib\debug\asyn-ares.obj
c:\users\thunder\documents\github\reloaded\trunk\src\curl-7.28.1\lib\debug\asyn-thread.obj
c:\users\thunder\documents\github\reloaded\trunk\src\curl-7.28.1\lib\debug\axtls.obj
c:\users\thunder\documents\github\reloaded\trunk\src\curl-7.28.1\lib\debug\base64.obj
c:\users\thunder\documents\github\reloaded\trunk\src\curl-7.28.1\lib\debug\connect.obj
c:\users\thunder\documents\github\reloaded\trunk\src\curl-7.28.1\lib\debug\content_encoding.obj
c:\users\thunder\documents\github\reloaded\trunk\src\curl-7.28.1\lib\debug\cookie.obj
c:\users\thunder\documents\github\reloaded\trunk\src\curl-7.28.1\lib\debug\curl_addrinfo.obj
c:\users\thunder\documents\github\reloaded\trunk\src\curl-7.28.1\lib\debug\curl_fnmatch.obj
c:\users\thunder\documents\github\reloaded\trunk\src\curl-7.28.1\lib\debug\curl_gethostname.obj
c:\users\thunder\documents\github\reloaded\trunk\src\curl-7.28.1\lib\debug\curl_gssapi.obj
c:\users\thunder\documents\github\reloaded\trunk\src\curl-7.28.1\lib\debug\curl_memrchr.obj
c:\users\thunder\documents\github\reloaded\trunk\src\curl-7.28.1\lib\debug\curl_ntlm.obj
c:\users\thunder\documents\github\reloaded\trunk\src\curl-7.28.1\lib\debug\curl_ntlm_core.obj
c:\users\thunder\documents\github\reloaded\trunk\src\curl-7.28.1\lib\debug\curl_ntlm_msgs.obj
c:\users\thunder\documents\github\reloaded\trunk\src\curl-7.28.1\lib\debug\curl_ntlm_wb.obj
c:\users\thunder\documents\github\reloaded\trunk\src\curl-7.28.1\lib\debug\curl_rand.obj
c:\users\thunder\documents\github\reloaded\trunk\src\curl-7.28.1\lib\debug\curl_rtmp.obj
c:\users\thunder\documents\github\reloaded\trunk\src\curl-7.28.1\lib\debug\curl_sspi.obj
c:\users\thunder\documents\github\reloaded\trunk\src\curl-7.28.1\lib\debug\curl_threads.obj
c:\users\thunder\documents\github\reloaded\trunk\src\curl-7.28.1\lib\debug\libcurl.lib
c:\users\thunder\documents\github\reloaded\trunk\src\curl-7.28.1\lib\.\debug\libcurl.lib
c:\users\thunder\documents\github\reloaded\trunk\src\curl-7.28.1\lib\debug\libcurl.tlog\bscmake.command.1.tlog
c:\users\thunder\documents\github\reloaded\trunk\src\curl-7.28.1\lib\debug\libcurl.tlog\bscmake.read.1.tlog
c:\users\thunder\documents\github\reloaded\trunk\src\curl-7.28.1\lib\debug\libcurl.tlog\bscmake.write.1.tlog
c:\users\thunder\documents\github\reloaded\trunk\src\curl-7.28.1\lib\debug\libcurl.tlog\cl.command.1.tlog
c:\users\thunder\documents\github\reloaded\trunk\src\curl-7.28.1\lib\debug\libcurl.tlog\cl.read.1.tlog
c:\users\thunder\documents\github\reloaded\trunk\src\curl-7.28.1\lib\debug\libcurl.tlog\cl.write.1.tlog
c:\users\thunder\documents\github\reloaded\trunk\src\curl-7.28.1\lib\debug\libcurl.tlog\lib-link.read.1.tlog
c:\users\thunder\documents\github\reloaded\trunk\src\curl-7.28.1\lib\debug\libcurl.tlog\lib-link.write.1.tlog
c:\users\thunder\documents\github\reloaded\trunk\src\curl-7.28.1\lib\debug\libcurl.tlog\lib.command.1.tlog
